C51 COMPILER V9.02   WIRELESS_IMAGE_TRANSFER_XOR                                           03/03/2014 23:34:39 PAGE 1   


C51 COMPILER V9.02, COMPILATION OF MODULE WIRELESS_IMAGE_TRANSFER_XOR
OBJECT MODULE PLACED IN wireless_image_transfer_XOR.OBJ
COMPILER INVOKED BY: C:\Keil\C51\BIN\C51.EXE wireless_image_transfer_XOR.c BROWSE DEBUG OBJECTEXTEND

line level    source

   1          /*Program to display Image on Graphics LCD using AT89C52*/
   2          
   3          #include<reg51.h>
   4          #include<intrins.h>
   5          #define dport P2
   6          #include "glcd.h"
   7          #include "key.h"
   8          
   9          
  10          
  11          unsigned char c;
  12          
  13          
  14          
  15          unsigned char rx();
  16          
  17          
  18          
  19          
  20          void main()
  21          {
  22   1              char v;
  23   1              int i,j,value,a,b,d;
  24   1              
  25   1              
  26   1              
  27   1              TMOD=0x20;                      // selecting Timer 1, with mode 8bit auto reload.
  28   1              TH1=0xFD;                       // setting baud rate = 9600
  29   1              SCON=0x50;                      // setting the 8bit Control reg which control the SBUF with RC5
  30   1              TR1=1;                          // starting the timer
  31   1      
  32   1      
  33   1              displayon();
  34   1              setstartline(0);
  35   1              clrlcd();
  36   1              
  37   1              while(1)
  38   1              {
  39   2                      setcolumn(0);
  40   2                      setpage(0);
  41   2                      for(j=0;j<8;j++)
  42   2                      {
  43   3                              setpage(j);
  44   3                              setcolumn(0);
  45   3                              for(i=0;i<128;i++)
  46   3                              {
  47   4                                      v=rx();
  48   4                                      a=v;
  49   4                                      b=key[j][i];
  50   4                                      d=b^a;
  51   4                                      value=d;
  52   4                              
  53   4                                      if(c<64)
  54   4                                      {
  55   5                                              dport=value;
C51 COMPILER V9.02   WIRELESS_IMAGE_TRANSFER_XOR                                           03/03/2014 23:34:39 PAGE 2   

  56   5                                              cs1=1;cs2=0;
  57   5                                              rs=1;
  58   5                                              rw=0;
  59   5                                              en=1;
  60   5                                              _nop_(); 
  61   5                                              en=0    ;
  62   5                                              c++;
  63   5                                      }
  64   4                                      else
  65   4                                      { 
  66   5                                              setcolumn(c);
  67   5                                              dport=value;
  68   5                                              cs2=1;cs1=0;
  69   5                                              rs=1;
  70   5                                              rw=0;
  71   5                                              en=1;
  72   5                                              _nop_();  
  73   5                                              en=0    ;
  74   5                                              c++;
  75   5                                      }
  76   4                              }
  77   3                      }
  78   2              
  79   2              }
  80   1              
  81   1      } 
  82          
  83          
  84          
  85          unsigned char rx()                      
  86          {
  87   1              unsigned char val;                      
  88   1              while(RI==0);
  89   1              val=SBUF;
  90   1              RI=0;
  91   1              return(val);            
  92   1      }


MODULE INFORMATION:   STATIC OVERLAYABLE
   CODE SIZE        =    691    ----
   CONSTANT SIZE    =   3542    ----
   XDATA SIZE       =   ----    ----
   PDATA SIZE       =   ----    ----
   DATA SIZE        =      2      26
   IDATA SIZE       =   ----    ----
   BIT SIZE         =   ----    ----
END OF MODULE INFORMATION.


C51 COMPILATION COMPLETE.  0 WARNING(S),  0 ERROR(S)
